BUS bus0
BIT A<1>
PATH 5
m7 (4454 14190)
m7 (4454 13870)
m7 (3275 13870) (4454 13870)
m7 (4454 14190) (17585 14190)
m8 (4454 13870) (4454 14190)
ENDPATH
ENDBIT
BIT A<2>
PATH 5
m7 (4634 14030)
m7 (4634 13710)
m7 (3275 13710) (4634 13710)
m7 (4634 14030) (17585 14030)
m8 (4634 13710) (4634 14030)
ENDPATH
ENDBIT
BIT A<3>
PATH 5
m7 (4814 13870)
m7 (4814 13550)
m7 (3275 13550) (4814 13550)
m7 (4814 13870) (17585 13870)
m8 (4814 13550) (4814 13870)
ENDPATH
ENDBIT
BIT A<4>
PATH 5
m7 (4994 13710)
m7 (4994 13390)
m7 (3275 13390) (4994 13390)
m7 (4994 13710) (17585 13710)
m8 (4994 13390) (4994 13710)
ENDPATH
ENDBIT
BIT A<5>
PATH 5
m7 (5174 13550)
m7 (5174 13230)
m7 (3275 13230) (5174 13230)
m7 (5174 13550) (17585 13550)
m8 (5174 13230) (5174 13550)
ENDPATH
ENDBIT
BIT A<6>
PATH 5
m7 (5354 13390)
m7 (5354 13070)
m7 (3275 13070) (5354 13070)
m7 (5354 13390) (17585 13390)
m8 (5354 13070) (5354 13390)
ENDPATH
ENDBIT
BIT A<7>
PATH 5
m7 (5894 13230)
m7 (5894 12910)
m7 (3275 12910) (5894 12910)
m7 (5894 13230) (17585 13230)
m8 (5894 12910) (5894 13230)
ENDPATH
ENDBIT
BIT A<8>
PATH 5
m7 (6074 13070)
m7 (6074 12750)
m7 (3275 12750) (6074 12750)
m7 (6074 13070) (17585 13070)
m8 (6074 12750) (6074 13070)
ENDPATH
ENDBIT
BIT A<9>
PATH 5
m7 (6254 12910)
m7 (6254 12590)
m7 (3275 12590) (6254 12590)
m7 (6254 12910) (17585 12910)
m8 (6254 12590) (6254 12910)
ENDPATH
ENDBIT
BIT A<10>
PATH 5
m7 (6434 12750)
m7 (6434 12430)
m7 (3275 12430) (6434 12430)
m7 (6434 12750) (17585 12750)
m8 (6434 12430) (6434 12750)
ENDPATH
ENDBIT
BIT A<11>
PATH 5
m7 (6614 12590)
m7 (6614 12270)
m7 (3275 12270) (6614 12270)
m7 (6614 12590) (17585 12590)
m8 (6614 12270) (6614 12590)
ENDPATH
ENDBIT
BIT A<12>
PATH 5
m7 (7294 12430)
m7 (7294 12110)
m7 (3275 12110) (7294 12110)
m7 (7294 12430) (17585 12430)
m8 (7294 12110) (7294 12430)
ENDPATH
ENDBIT
BIT A<13>
PATH 5
m7 (7494 12270)
m7 (7494 11950)
m7 (3275 11950) (7494 11950)
m7 (7494 12270) (17585 12270)
m8 (7494 11950) (7494 12270)
ENDPATH
ENDBIT
BIT A<14>
PATH 5
m7 (7694 12110)
m7 (7694 11790)
m7 (3275 11790) (7694 11790)
m7 (7694 12110) (17585 12110)
m8 (7694 11790) (7694 12110)
ENDPATH
ENDBIT
BIT A<15>
PATH 5
m7 (7874 11950)
m7 (7874 11630)
m7 (3275 11630) (7874 11630)
m7 (7874 11950) (17585 11950)
m8 (7874 11630) (7874 11950)
ENDPATH
ENDBIT
BIT A<16>
PATH 5
m7 (8054 11790)
m7 (8054 11470)
m7 (3275 11470) (8054 11470)
m7 (8054 11790) (17585 11790)
m8 (8054 11470) (8054 11790)
ENDPATH
ENDBIT
BIT A<17>
PATH 5
m7 (8594 11630)
m7 (8594 11310)
m7 (3275 11310) (8594 11310)
m7 (8594 11630) (17585 11630)
m8 (8594 11310) (8594 11630)
ENDPATH
ENDBIT
BIT A<18>
PATH 5
m7 (8774 11470)
m7 (8774 11150)
m7 (3275 11150) (8774 11150)
m7 (8774 11470) (17585 11470)
m8 (8774 11150) (8774 11470)
ENDPATH
ENDBIT
BIT A<19>
PATH 5
m7 (8954 11310)
m7 (8954 10990)
m7 (3275 10990) (8954 10990)
m7 (8954 11310) (17585 11310)
m8 (8954 10990) (8954 11310)
ENDPATH
ENDBIT
BIT A<20>
PATH 5
m7 (9094 11150)
m7 (9094 10830)
m7 (3275 10830) (9094 10830)
m7 (9094 11150) (17585 11150)
m8 (9094 10830) (9094 11150)
ENDPATH
ENDBIT
BIT A<21>
PATH 5
m7 (9294 10990)
m7 (9294 10670)
m7 (3275 10670) (9294 10670)
m7 (9294 10990) (17585 10990)
m8 (9294 10670) (9294 10990)
ENDPATH
ENDBIT
BIT A<22>
PATH 5
m7 (9494 10830)
m7 (9494 10510)
m7 (3275 10510) (9494 10510)
m7 (9494 10830) (17585 10830)
m8 (9494 10510) (9494 10830)
ENDPATH
ENDBIT
BIT A<23>
PATH 5
m7 (10034 10670)
m7 (10034 10350)
m7 (3275 10350) (10034 10350)
m7 (10034 10670) (17585 10670)
m8 (10034 10350) (10034 10670)
ENDPATH
ENDBIT
BIT A<24>
PATH 5
m7 (10214 10510)
m7 (10214 10190)
m7 (3275 10190) (10214 10190)
m7 (10214 10510) (17585 10510)
m8 (10214 10190) (10214 10510)
ENDPATH
ENDBIT
BIT A<25>
PATH 5
m7 (10394 10350)
m7 (10394 10030)
m7 (3275 10030) (10394 10030)
m7 (10394 10350) (17585 10350)
m8 (10394 10030) (10394 10350)
ENDPATH
ENDBIT
BIT A<26>
PATH 5
m7 (10574 10190)
m7 (10574 9870)
m7 (3275 9870) (10574 9870)
m7 (10574 10190) (17585 10190)
m8 (10574 9870) (10574 10190)
ENDPATH
ENDBIT
BIT A<27>
PATH 5
m7 (10754 10030)
m7 (10754 9710)
m7 (3275 9710) (10754 9710)
m7 (10754 10030) (17585 10030)
m8 (10754 9710) (10754 10030)
ENDPATH
ENDBIT
BIT A<28>
PATH 5
m7 (10894 9870)
m7 (10894 9550)
m7 (3275 9550) (10894 9550)
m7 (10894 9870) (17585 9870)
m8 (10894 9550) (10894 9870)
ENDPATH
ENDBIT
BIT A<29>
PATH 5
m7 (11474 9710)
m7 (11474 9390)
m7 (3275 9390) (11474 9390)
m7 (11474 9710) (17585 9710)
m8 (11474 9390) (11474 9710)
ENDPATH
ENDBIT
BIT A<30>
PATH 5
m7 (11654 9550)
m7 (11654 9230)
m7 (3275 9230) (11654 9230)
m7 (11654 9550) (17585 9550)
m8 (11654 9230) (11654 9550)
ENDPATH
ENDBIT
BIT A<31>
PATH 5
m7 (11834 9390)
m7 (11834 9070)
m7 (3275 9070) (11834 9070)
m7 (11834 9390) (17585 9390)
m8 (11834 9070) (11834 9390)
ENDPATH
ENDBIT
BIT A<32>
PATH 5
m7 (12014 9230)
m7 (12014 8910)
m7 (3275 8910) (12014 8910)
m7 (12014 9230) (17585 9230)
m8 (12014 8910) (12014 9230)
ENDPATH
ENDBIT
ENDBUS
