BUS bus0
BIT A<1>
PATH 5
m7 (4454 14190)
m7 (4454 13870)
m7 (3275 13870) (4454 13870)
m7 (4454 14190) (17585 14190)
m8 (4454 13870) (4454 14190)
ENDPATH
ENDBIT
BIT A<2>
PATH 5
m7 (4634 14030)
m7 (4634 13710)
m7 (3275 13710) (4634 13710)
m7 (4634 14030) (17585 14030)
m8 (4634 13710) (4634 14030)
ENDPATH
ENDBIT
BIT A<3>
PATH 5
m7 (4814 13870)
m7 (4814 13550)
m7 (3275 13550) (4814 13550)
m7 (4814 13870) (17585 13870)
m8 (4814 13550) (4814 13870)
ENDPATH
ENDBIT
BIT A<4>
PATH 5
m7 (4994 13710)
m7 (4994 13390)
m7 (3275 13390) (4994 13390)
m7 (4994 13710) (17585 13710)
m8 (4994 13390) (4994 13710)
ENDPATH
ENDBIT
BIT A<5>
PATH 5
m7 (5174 13550)
m7 (5174 13230)
m7 (3275 13230) (5174 13230)
m7 (5174 13550) (17585 13550)
m8 (5174 13230) (5174 13550)
ENDPATH
ENDBIT
BIT A<6>
PATH 5
m7 (5354 13390)
m7 (5354 13070)
m7 (3275 13070) (5354 13070)
m7 (5354 13390) (17585 13390)
m8 (5354 13070) (5354 13390)
ENDPATH
ENDBIT
BIT A<7>
PATH 5
m7 (5894 13230)
m7 (5894 12910)
m7 (3275 12910) (5894 12910)
m7 (5894 13230) (17585 13230)
m8 (5894 12910) (5894 13230)
ENDPATH
ENDBIT
BIT A<8>
PATH 5
m7 (6074 13070)
m7 (6074 12750)
m7 (3275 12750) (6074 12750)
m7 (6074 13070) (17585 13070)
m8 (6074 12750) (6074 13070)
ENDPATH
ENDBIT
BIT A<9>
PATH 5
m7 (6254 12910)
m7 (6254 12590)
m7 (3275 12590) (6254 12590)
m7 (6254 12910) (17585 12910)
m8 (6254 12590) (6254 12910)
ENDPATH
ENDBIT
BIT A<10>
PATH 5
m7 (6434 12750)
m7 (6434 12430)
m7 (3275 12430) (6434 12430)
m7 (6434 12750) (17585 12750)
m8 (6434 12430) (6434 12750)
ENDPATH
ENDBIT
BIT A<11>
PATH 5
m7 (6614 12590)
m7 (6614 12270)
m7 (3275 12270) (6614 12270)
m7 (6614 12590) (17585 12590)
m8 (6614 12270) (6614 12590)
ENDPATH
ENDBIT
BIT A<12>
PATH 5
m7 (7294 12430)
m7 (7294 12110)
m7 (3275 12110) (7294 12110)
m7 (7294 12430) (17585 12430)
m8 (7294 12110) (7294 12430)
ENDPATH
ENDBIT
BIT A<13>
PATH 5
m7 (7494 12270)
m7 (7494 11950)
m7 (3275 11950) (7494 11950)
m7 (7494 12270) (17585 12270)
m8 (7494 11950) (7494 12270)
ENDPATH
ENDBIT
BIT A<14>
PATH 5
m7 (7694 12110)
m7 (7694 11790)
m7 (3275 11790) (7694 11790)
m7 (7694 12110) (17585 12110)
m8 (7694 11790) (7694 12110)
ENDPATH
ENDBIT
BIT A<15>
PATH 5
m7 (7874 11950)
m7 (7874 11630)
m7 (3275 11630) (7874 11630)
m7 (7874 11950) (17585 11950)
m8 (7874 11630) (7874 11950)
ENDPATH
ENDBIT
BIT A<16>
PATH 5
m7 (8054 11790)
m7 (8054 11470)
m7 (3275 11470) (8054 11470)
m7 (8054 11790) (17585 11790)
m8 (8054 11470) (8054 11790)
ENDPATH
ENDBIT
BIT A<17>
PATH 5
m7 (8594 11630)
m7 (8594 11310)
m7 (3275 11310) (8594 11310)
m7 (8594 11630) (17585 11630)
m8 (8594 11310) (8594 11630)
ENDPATH
ENDBIT
BIT A<18>
PATH 5
m7 (8774 11470)
m7 (8774 11150)
m7 (3275 11150) (8774 11150)
m7 (8774 11470) (17585 11470)
m8 (8774 11150) (8774 11470)
ENDPATH
ENDBIT
BIT A<19>
PATH 5
m7 (8954 11310)
m7 (8954 10990)
m7 (3275 10990) (8954 10990)
m7 (8954 11310) (17585 11310)
m8 (8954 10990) (8954 11310)
ENDPATH
ENDBIT
BIT A<20>
PATH 5
m7 (9094 11150)
m7 (9094 10830)
m7 (3275 10830) (9094 10830)
m7 (9094 11150) (17585 11150)
m8 (9094 10830) (9094 11150)
ENDPATH
ENDBIT
BIT A<21>
PATH 5
m7 (9294 10990)
m7 (9294 10670)
m7 (3275 10670) (9294 10670)
m7 (9294 10990) (17585 10990)
m8 (9294 10670) (9294 10990)
ENDPATH
ENDBIT
BIT A<22>
PATH 5
m7 (9494 10830)
m7 (9494 10510)
m7 (3275 10510) (9494 10510)
m7 (9494 10830) (17585 10830)
m8 (9494 10510) (9494 10830)
ENDPATH
ENDBIT
BIT A<23>
PATH 5
m7 (10034 10670)
m7 (10034 10350)
m7 (3275 10350) (10034 10350)
m7 (10034 10670) (17585 10670)
m8 (10034 10350) (10034 10670)
ENDPATH
ENDBIT
BIT A<24>
PATH 5
m7 (10214 10510)
m7 (10214 10190)
m7 (3275 10190) (10214 10190)
m7 (10214 10510) (17585 10510)
m8 (10214 10190) (10214 10510)
ENDPATH
ENDBIT
BIT A<25>
PATH 5
m7 (10394 10350)
m7 (10394 10030)
m7 (3275 10030) (10394 10030)
m7 (10394 10350) (17585 10350)
m8 (10394 10030) (10394 10350)
ENDPATH
ENDBIT
BIT A<26>
PATH 5
m7 (10574 10190)
m7 (10574 9870)
m7 (3275 9870) (10574 9870)
m7 (10574 10190) (17585 10190)
m8 (10574 9870) (10574 10190)
ENDPATH
ENDBIT
BIT A<27>
PATH 5
m7 (10754 10030)
m7 (10754 9710)
m7 (3275 9710) (10754 9710)
m7 (10754 10030) (17585 10030)
m8 (10754 9710) (10754 10030)
ENDPATH
ENDBIT
BIT A<28>
PATH 5
m7 (10894 9870)
m7 (10894 9550)
m7 (3275 9550) (10894 9550)
m7 (10894 9870) (17585 9870)
m8 (10894 9550) (10894 9870)
ENDPATH
ENDBIT
BIT A<29>
PATH 5
m7 (11474 9710)
m7 (11474 9390)
m7 (3275 9390) (11474 9390)
m7 (11474 9710) (17585 9710)
m8 (11474 9390) (11474 9710)
ENDPATH
ENDBIT
BIT A<30>
PATH 5
m7 (11654 9550)
m7 (11654 9230)
m7 (3275 9230) (11654 9230)
m7 (11654 9550) (17585 9550)
m8 (11654 9230) (11654 9550)
ENDPATH
ENDBIT
BIT A<31>
PATH 5
m7 (11834 9390)
m7 (11834 9070)
m7 (3275 9070) (11834 9070)
m7 (11834 9390) (17585 9390)
m8 (11834 9070) (11834 9390)
ENDPATH
ENDBIT
BIT A<32>
PATH 5
m7 (12014 9230)
m7 (12014 8910)
m7 (3275 8910) (12014 8910)
m7 (12014 9230) (17585 9230)
m8 (12014 8910) (12014 9230)
ENDPATH
ENDBIT
ENDBUS
BUS bus1
BIT C<1>
PATH 9
m8 (11894 13495)
m8 (11894 5575)
m8 (7294 5795)
m8 (7294 5575)
m9 (7294 5575) (11894 5575)
m9 (3275 5795) (7294 5795)
m9 (11894 13495) (17585 13495)
m8 (7294 5575) (7294 5795)
m8 (11894 5575) (11894 13495)
ENDPATH
ENDBIT
BIT C<2>
PATH 9
m8 (12094 13275)
m8 (12094 5795)
m8 (7494 6015)
m8 (7494 5795)
m9 (7494 5795) (12094 5795)
m9 (3275 6015) (7494 6015)
m9 (12094 13275) (17585 13275)
m8 (7494 5795) (7494 6015)
m8 (12094 5795) (12094 13275)
ENDPATH
ENDBIT
BIT C<3>
PATH 9
m8 (12294 13055)
m8 (12294 6015)
m8 (7894 6235)
m8 (7894 6015)
m9 (7894 6015) (12294 6015)
m9 (3275 6235) (7894 6235)
m9 (12294 13055) (17585 13055)
m8 (7894 6015) (7894 6235)
m8 (12294 6015) (12294 13055)
ENDPATH
ENDBIT
BIT C<4>
PATH 9
m8 (12894 12835)
m8 (12894 6235)
m8 (8094 6455)
m8 (8094 6235)
m9 (8094 6235) (12894 6235)
m9 (3275 6455) (8094 6455)
m9 (12894 12835) (17585 12835)
m8 (8094 6235) (8094 6455)
m8 (12894 6235) (12894 12835)
ENDPATH
ENDBIT
BIT C<5>
PATH 9
m8 (13294 12615)
m8 (13294 6455)
m8 (8694 6675)
m8 (8694 6455)
m9 (8694 6455) (13294 6455)
m9 (3275 6675) (8694 6675)
m9 (13294 12615) (17585 12615)
m8 (8694 6455) (8694 6675)
m8 (13294 6455) (13294 12615)
ENDPATH
ENDBIT
BIT C<6>
PATH 9
m8 (13494 12395)
m8 (13494 6675)
m8 (8894 6895)
m8 (8894 6675)
m9 (8894 6675) (13494 6675)
m9 (3275 6895) (8894 6895)
m9 (13494 12395) (17585 12395)
m8 (8894 6675) (8894 6895)
m8 (13494 6675) (13494 12395)
ENDPATH
ENDBIT
BIT C<7>
PATH 9
m8 (13694 12175)
m8 (13694 6895)
m8 (9094 7115)
m8 (9094 6895)
m9 (9094 6895) (13694 6895)
m9 (3275 7115) (9094 7115)
m9 (13694 12175) (17585 12175)
m8 (9094 6895) (9094 7115)
m8 (13694 6895) (13694 12175)
ENDPATH
ENDBIT
BIT C<8>
PATH 9
m8 (14294 11955)
m8 (14294 7115)
m8 (9294 7335)
m8 (9294 7115)
m9 (9294 7115) (14294 7115)
m9 (3275 7335) (9294 7335)
m9 (14294 11955) (17585 11955)
m8 (9294 7115) (9294 7335)
m8 (14294 7115) (14294 11955)
ENDPATH
ENDBIT
BIT C<9>
PATH 9
m8 (14494 11735)
m8 (14494 7335)
m8 (9494 7555)
m8 (9494 7335)
m9 (9494 7335) (14494 7335)
m9 (3275 7555) (9494 7555)
m9 (14494 11735) (17585 11735)
m8 (9494 7335) (9494 7555)
m8 (14494 7335) (14494 11735)
ENDPATH
ENDBIT
BIT C<10>
PATH 9
m8 (14694 11515)
m8 (14694 7555)
m8 (10094 7775)
m8 (10094 7555)
m9 (10094 7555) (14694 7555)
m9 (3275 7775) (10094 7775)
m9 (14694 11515) (17585 11515)
m8 (10094 7555) (10094 7775)
m8 (14694 7555) (14694 11515)
ENDPATH
ENDBIT
BIT C<11>
PATH 9
m8 (15094 11295)
m8 (15094 7775)
m8 (10294 7995)
m8 (10294 7775)
m9 (10294 7775) (15094 7775)
m9 (3275 7995) (10294 7995)
m9 (15094 11295) (17585 11295)
m8 (10294 7775) (10294 7995)
m8 (15094 7775) (15094 11295)
ENDPATH
ENDBIT
BIT C<12>
PATH 9
m8 (15694 11075)
m8 (15694 7995)
m8 (10494 8215)
m8 (10494 7995)
m9 (10494 7995) (15694 7995)
m9 (3275 8215) (10494 8215)
m9 (15694 11075) (17585 11075)
m8 (10494 7995) (10494 8215)
m8 (15694 7995) (15694 11075)
ENDPATH
ENDBIT
BIT C<13>
PATH 9
m8 (15894 10855)
m8 (15894 8215)
m8 (10694 8435)
m8 (10694 8215)
m9 (10694 8215) (15894 8215)
m9 (3275 8435) (10694 8435)
m9 (15894 10855) (17585 10855)
m8 (10694 8215) (10694 8435)
m8 (15894 8215) (15894 10855)
ENDPATH
ENDBIT
BIT C<14>
PATH 9
m8 (16094 10635)
m8 (16094 8435)
m8 (10894 8655)
m8 (10894 8435)
m9 (10894 8435) (16094 8435)
m9 (3275 8655) (10894 8655)
m9 (16094 10635) (17585 10635)
m8 (10894 8435) (10894 8655)
m8 (16094 8435) (16094 10635)
ENDPATH
ENDBIT
BIT C<15>
PATH 9
m8 (16294 10415)
m8 (16294 8655)
m8 (11494 8875)
m8 (11494 8655)
m9 (11494 8655) (16294 8655)
m9 (3275 8875) (11494 8875)
m9 (16294 10415) (17585 10415)
m8 (11494 8655) (11494 8875)
m8 (16294 8655) (16294 10415)
ENDPATH
ENDBIT
BIT C<16>
PATH 9
m8 (16494 10195)
m8 (16494 8875)
m8 (11694 9095)
m8 (11694 8875)
m9 (11694 8875) (16494 8875)
m9 (3275 9095) (11694 9095)
m9 (16494 10195) (17585 10195)
m8 (11694 8875) (11694 9095)
m8 (16494 8875) (16494 10195)
ENDPATH
ENDBIT
ENDBUS
BUS bus2
BIT B<16>
PATH 5
m8 (4494 15695)
m8 (4494 10415)
m9 (3275 10415) (4494 10415)
m9 (4494 15695) (17585 15695)
m8 (4494 10415) (4494 15695)
ENDPATH
ENDBIT
BIT B<15>
PATH 5
m8 (4694 15915)
m8 (4694 10635)
m9 (3275 10635) (4694 10635)
m9 (4694 15915) (17585 15915)
m8 (4694 10635) (4694 15915)
ENDPATH
ENDBIT
BIT B<14>
PATH 5
m8 (4894 16135)
m8 (4894 10855)
m9 (3275 10855) (4894 10855)
m9 (4894 16135) (17585 16135)
m8 (4894 10855) (4894 16135)
ENDPATH
ENDBIT
BIT B<13>
PATH 5
m8 (5094 16355)
m8 (5094 11075)
m9 (3275 11075) (5094 11075)
m9 (5094 16355) (17585 16355)
m8 (5094 11075) (5094 16355)
ENDPATH
ENDBIT
BIT B<12>
PATH 5
m8 (5294 16575)
m8 (5294 11295)
m9 (3275 11295) (5294 11295)
m9 (5294 16575) (17585 16575)
m8 (5294 11295) (5294 16575)
ENDPATH
ENDBIT
BIT B<11>
PATH 5
m8 (5894 16795)
m8 (5894 11515)
m9 (3275 11515) (5894 11515)
m9 (5894 16795) (17585 16795)
m8 (5894 11515) (5894 16795)
ENDPATH
ENDBIT
BIT B<10>
PATH 5
m8 (6094 17015)
m8 (6094 11735)
m9 (3275 11735) (6094 11735)
m9 (6094 17015) (17585 17015)
m8 (6094 11735) (6094 17015)
ENDPATH
ENDBIT
BIT B<9>
PATH 5
m8 (6294 17235)
m8 (6294 11955)
m9 (3275 11955) (6294 11955)
m9 (6294 17235) (17585 17235)
m8 (6294 11955) (6294 17235)
ENDPATH
ENDBIT
BIT B<8>
PATH 5
m8 (6494 17455)
m8 (6494 12175)
m9 (3275 12175) (6494 12175)
m9 (6494 17455) (17585 17455)
m8 (6494 12175) (6494 17455)
ENDPATH
ENDBIT
BIT B<7>
PATH 5
m8 (6694 17675)
m8 (6694 12395)
m9 (3275 12395) (6694 12395)
m9 (6694 17675) (17585 17675)
m8 (6694 12395) (6694 17675)
ENDPATH
ENDBIT
BIT B<6>
PATH 5
m8 (7294 17895)
m8 (7294 12615)
m9 (3275 12615) (7294 12615)
m9 (7294 17895) (17585 17895)
m8 (7294 12615) (7294 17895)
ENDPATH
ENDBIT
BIT B<5>
PATH 5
m8 (7494 18115)
m8 (7494 12835)
m9 (3275 12835) (7494 12835)
m9 (7494 18115) (17585 18115)
m8 (7494 12835) (7494 18115)
ENDPATH
ENDBIT
BIT B<4>
PATH 5
m8 (7894 18335)
m8 (7894 13055)
m9 (3275 13055) (7894 13055)
m9 (7894 18335) (17585 18335)
m8 (7894 13055) (7894 18335)
ENDPATH
ENDBIT
BIT B<3>
PATH 5
m8 (8094 18555)
m8 (8094 13275)
m9 (3275 13275) (8094 13275)
m9 (8094 18555) (17585 18555)
m8 (8094 13275) (8094 18555)
ENDPATH
ENDBIT
BIT B<2>
PATH 5
m8 (8694 18775)
m8 (8694 13495)
m9 (3275 13495) (8694 13495)
m9 (8694 18775) (17585 18775)
m8 (8694 13495) (8694 18775)
ENDPATH
ENDBIT
BIT B<1>
PATH 5
m8 (8894 18995)
m8 (8894 13715)
m9 (3275 13715) (8894 13715)
m9 (8894 18995) (17585 18995)
m8 (8894 13715) (8894 18995)
ENDPATH
ENDBIT
ENDBUS
