BUS bus3
BIT net22<0>
PATH 6
m3 (112800 82880)
m5 (27780 71520)
m4 (112800 71520)
m4 (112800 71520) (112800 82880)
m5 (27780 71520) (112800 71520)
m6 (27780 32770) (27780 71520)
ENDPATH
ENDBIT
BIT net22<1>
PATH 6
m3 (112320 82880)
m5 (28860 71680)
m4 (112320 71680)
m4 (112320 71680) (112320 82880)
m5 (28860 71680) (112320 71680)
m6 (28860 32770) (28860 71680)
ENDPATH
ENDBIT
BIT net22<2>
PATH 6
m3 (111780 82880)
m5 (29880 71840)
m4 (111780 71840)
m4 (111780 71840) (111780 82880)
m5 (29880 71840) (111780 71840)
m6 (29880 32770) (29880 71840)
ENDPATH
ENDBIT
BIT net22<3>
PATH 6
m3 (111300 82880)
m5 (30960 72000)
m4 (111300 72000)
m4 (111300 72000) (111300 82880)
m5 (30960 72000) (111300 72000)
m6 (30960 32770) (30960 72000)
ENDPATH
ENDBIT
BIT net22<4>
PATH 6
m3 (110820 82880)
m5 (32040 72160)
m4 (110820 72160)
m4 (110820 72160) (110820 82880)
m5 (32040 72160) (110820 72160)
m6 (32040 32770) (32040 72160)
ENDPATH
ENDBIT
BIT net22<5>
PATH 6
m3 (110340 82880)
m5 (33120 72320)
m4 (110340 72320)
m4 (110340 72320) (110340 82880)
m5 (33120 72320) (110340 72320)
m6 (33120 32770) (33120 72320)
ENDPATH
ENDBIT
BIT net22<6>
PATH 6
m3 (109800 82880)
m5 (34140 72480)
m4 (109800 72480)
m4 (109800 72480) (109800 82880)
m5 (34140 72480) (109800 72480)
m6 (34140 32770) (34140 72480)
ENDPATH
ENDBIT
BIT net22<7>
PATH 6
m3 (109320 82880)
m5 (35220 72640)
m4 (109320 72640)
m4 (109320 72640) (109320 82880)
m5 (35220 72640) (109320 72640)
m6 (35220 32770) (35220 72640)
ENDPATH
ENDBIT
BIT net22<8>
PATH 6
m3 (108840 82880)
m5 (36300 72800)
m4 (108840 72800)
m4 (108840 72800) (108840 82880)
m5 (36300 72800) (108840 72800)
m6 (36300 32770) (36300 72800)
ENDPATH
ENDBIT
BIT net22<9>
PATH 6
m3 (108360 82880)
m5 (37380 72960)
m4 (108360 72960)
m4 (108360 72960) (108360 82880)
m5 (37380 72960) (108360 72960)
m6 (37380 32770) (37380 72960)
ENDPATH
ENDBIT
BIT net22<10>
PATH 6
m3 (107820 82880)
m5 (38400 73120)
m4 (107820 73120)
m4 (107820 73120) (107820 82880)
m5 (38400 73120) (107820 73120)
m6 (38400 32770) (38400 73120)
ENDPATH
ENDBIT
BIT net22<11>
PATH 6
m3 (107340 82880)
m5 (39480 73280)
m4 (107340 73280)
m4 (107340 73280) (107340 82880)
m5 (39480 73280) (107340 73280)
m6 (39480 32770) (39480 73280)
ENDPATH
ENDBIT
BIT net22<12>
PATH 6
m3 (106860 82880)
m5 (40560 73440)
m4 (106860 73440)
m4 (106860 73440) (106860 82880)
m5 (40560 73440) (106860 73440)
m6 (40560 32770) (40560 73440)
ENDPATH
ENDBIT
BIT net22<13>
PATH 6
m3 (106380 82880)
m5 (41640 73600)
m4 (106380 73600)
m4 (106380 73600) (106380 82880)
m5 (41640 73600) (106380 73600)
m6 (41640 32770) (41640 73600)
ENDPATH
ENDBIT
BIT net22<14>
PATH 6
m3 (105840 82880)
m5 (42660 73760)
m4 (105840 73760)
m4 (105840 73760) (105840 82880)
m5 (42660 73760) (105840 73760)
m6 (42660 32770) (42660 73760)
ENDPATH
ENDBIT
BIT net22<15>
PATH 6
m3 (105360 82880)
m5 (43740 73920)
m4 (105360 73920)
m4 (105360 73920) (105360 82880)
m5 (43740 73920) (105360 73920)
m6 (43740 32770) (43740 73920)
ENDPATH
ENDBIT
ENDBUS
BUS bus0
BIT A<0>
PATH 16
m3 (24720 94560)
m3 (62940 15040)
m6 (12660 139040)
m4 (24720 94880)
m4 (21600 94880)
m4 (62940 12160)
m4 (21600 12160)
m4 (21600 136480)
m5 (12660 136480)
m4 (21600 12160) (21600 136480)
m4 (24720 94560) (24720 94880)
m4 (62940 12160) (62940 15040)
m5 (21600 12160) (62940 12160)
m5 (21600 94880) (24720 94880)
m5 (12660 136480) (21600 136480)
m6 (12660 136480) (12660 139040)
ENDPATH
ENDBIT
BIT A<1>
PATH 16
m3 (25080 94560)
m3 (62580 15040)
m6 (12900 139040)
m4 (25080 95040)
m4 (21780 95040)
m4 (62580 12320)
m4 (21780 12320)
m4 (21780 136640)
m5 (12900 136640)
m4 (21780 12320) (21780 136640)
m4 (25080 94560) (25080 95040)
m4 (62580 12320) (62580 15040)
m5 (21780 12320) (62580 12320)
m5 (21780 95040) (25080 95040)
m5 (12900 136640) (21780 136640)
m6 (12900 136640) (12900 139040)
ENDPATH
ENDBIT
BIT A<2>
PATH 16
m3 (25500 94560)
m3 (62160 15040)
m6 (13140 139040)
m4 (25500 95200)
m4 (21960 95200)
m4 (62160 12480)
m4 (21960 12480)
m4 (21960 136800)
m5 (13140 136800)
m4 (21960 12480) (21960 136800)
m4 (25500 94560) (25500 95200)
m4 (62160 12480) (62160 15040)
m5 (21960 12480) (62160 12480)
m5 (21960 95200) (25500 95200)
m5 (13140 136800) (21960 136800)
m6 (13140 136800) (13140 139040)
ENDPATH
ENDBIT
BIT A<3>
PATH 16
m3 (25860 94560)
m3 (61800 15040)
m6 (13380 139040)
m4 (25860 95360)
m4 (22140 95360)
m4 (61800 12640)
m4 (22140 12640)
m4 (22140 136960)
m5 (13380 136960)
m4 (22140 12640) (22140 136960)
m4 (25860 94560) (25860 95360)
m4 (61800 12640) (61800 15040)
m5 (22140 12640) (61800 12640)
m5 (22140 95360) (25860 95360)
m5 (13380 136960) (22140 136960)
m6 (13380 136960) (13380 139040)
ENDPATH
ENDBIT
BIT A<4>
PATH 16
m3 (26220 94560)
m3 (61440 15040)
m6 (13620 139040)
m4 (26220 95520)
m4 (22320 95520)
m4 (61440 12800)
m4 (22320 12800)
m4 (22320 137120)
m5 (13620 137120)
m4 (22320 12800) (22320 137120)
m4 (26220 94560) (26220 95520)
m4 (61440 12800) (61440 15040)
m5 (22320 12800) (61440 12800)
m5 (22320 95520) (26220 95520)
m5 (13620 137120) (22320 137120)
m6 (13620 137120) (13620 139040)
ENDPATH
ENDBIT
BIT A<5>
PATH 16
m3 (26640 94560)
m3 (61020 15040)
m6 (13860 139040)
m4 (26640 95680)
m4 (22500 95680)
m4 (61020 12960)
m4 (22500 12960)
m4 (22500 137280)
m5 (13860 137280)
m4 (22500 12960) (22500 137280)
m4 (26640 94560) (26640 95680)
m4 (61020 12960) (61020 15040)
m5 (22500 12960) (61020 12960)
m5 (22500 95680) (26640 95680)
m5 (13860 137280) (22500 137280)
m6 (13860 137280) (13860 139040)
ENDPATH
ENDBIT
BIT A<6>
PATH 16
m3 (27000 94560)
m3 (60660 15040)
m6 (14100 139040)
m4 (27000 95840)
m4 (22680 95840)
m4 (60660 13120)
m4 (22680 13120)
m4 (22680 137440)
m5 (14100 137440)
m4 (22680 13120) (22680 137440)
m4 (27000 94560) (27000 95840)
m4 (60660 13120) (60660 15040)
m5 (22680 13120) (60660 13120)
m5 (22680 95840) (27000 95840)
m5 (14100 137440) (22680 137440)
m6 (14100 137440) (14100 139040)
ENDPATH
ENDBIT
BIT A<7>
PATH 16
m3 (27360 94560)
m3 (60300 15040)
m6 (14340 139040)
m4 (27360 96000)
m4 (22860 96000)
m4 (60300 13280)
m4 (22860 13280)
m4 (22860 137600)
m5 (14340 137600)
m4 (22860 13280) (22860 137600)
m4 (27360 94560) (27360 96000)
m4 (60300 13280) (60300 15040)
m5 (22860 13280) (60300 13280)
m5 (22860 96000) (27360 96000)
m5 (14340 137600) (22860 137600)
m6 (14340 137600) (14340 139040)
ENDPATH
ENDBIT
BIT A<8>
PATH 16
m3 (27780 94560)
m3 (59880 15040)
m6 (14580 139040)
m4 (27780 96160)
m4 (23040 96160)
m4 (59880 13440)
m4 (23040 13440)
m4 (23040 137760)
m5 (14580 137760)
m4 (23040 13440) (23040 137760)
m4 (27780 94560) (27780 96160)
m4 (59880 13440) (59880 15040)
m5 (23040 13440) (59880 13440)
m5 (23040 96160) (27780 96160)
m5 (14580 137760) (23040 137760)
m6 (14580 137760) (14580 139040)
ENDPATH
ENDBIT
BIT A<9>
PATH 16
m3 (28140 94560)
m3 (59520 15040)
m6 (14820 139040)
m4 (28140 96320)
m4 (23220 96320)
m4 (59520 13600)
m4 (23220 13600)
m4 (23220 137920)
m5 (14820 137920)
m4 (23220 13600) (23220 137920)
m4 (28140 94560) (28140 96320)
m4 (59520 13600) (59520 15040)
m5 (23220 13600) (59520 13600)
m5 (23220 96320) (28140 96320)
m5 (14820 137920) (23220 137920)
m6 (14820 137920) (14820 139040)
ENDPATH
ENDBIT
BIT A<10>
PATH 16
m3 (28500 94560)
m3 (59160 15040)
m6 (15060 139040)
m4 (28500 96480)
m4 (23400 96480)
m4 (59160 13760)
m4 (23400 13760)
m4 (23400 138080)
m5 (15060 138080)
m4 (23400 13760) (23400 138080)
m4 (28500 94560) (28500 96480)
m4 (59160 13760) (59160 15040)
m5 (23400 13760) (59160 13760)
m5 (23400 96480) (28500 96480)
m5 (15060 138080) (23400 138080)
m6 (15060 138080) (15060 139040)
ENDPATH
ENDBIT
BIT A<11>
PATH 16
m3 (28920 94560)
m3 (58740 15040)
m6 (15300 139040)
m4 (28920 96640)
m4 (23580 96640)
m4 (58740 13920)
m4 (23580 13920)
m4 (23580 138240)
m5 (15300 138240)
m4 (23580 13920) (23580 138240)
m4 (28920 94560) (28920 96640)
m4 (58740 13920) (58740 15040)
m5 (23580 13920) (58740 13920)
m5 (23580 96640) (28920 96640)
m5 (15300 138240) (23580 138240)
m6 (15300 138240) (15300 139040)
ENDPATH
ENDBIT
BIT A<12>
PATH 16
m3 (29280 94560)
m3 (58380 15040)
m6 (15540 139040)
m4 (29280 96800)
m4 (23760 96800)
m4 (58380 14080)
m4 (23760 14080)
m4 (23760 138400)
m5 (15540 138400)
m4 (23760 14080) (23760 138400)
m4 (29280 94560) (29280 96800)
m4 (58380 14080) (58380 15040)
m5 (23760 14080) (58380 14080)
m5 (23760 96800) (29280 96800)
m5 (15540 138400) (23760 138400)
m6 (15540 138400) (15540 139040)
ENDPATH
ENDBIT
BIT A<13>
PATH 16
m3 (29640 94560)
m3 (58020 15040)
m6 (15780 139040)
m4 (29640 96960)
m4 (23940 96960)
m4 (58020 14240)
m4 (23940 14240)
m4 (23940 138560)
m5 (15780 138560)
m4 (23940 14240) (23940 138560)
m4 (29640 94560) (29640 96960)
m4 (58020 14240) (58020 15040)
m5 (23940 14240) (58020 14240)
m5 (23940 96960) (29640 96960)
m5 (15780 138560) (23940 138560)
m6 (15780 138560) (15780 139040)
ENDPATH
ENDBIT
BIT A<14>
PATH 16
m3 (30060 94560)
m3 (57600 15040)
m6 (16020 139040)
m4 (30060 97120)
m4 (24120 97120)
m4 (57600 14400)
m4 (24120 14400)
m4 (24120 138720)
m5 (16020 138720)
m4 (24120 14400) (24120 138720)
m4 (30060 94560) (30060 97120)
m4 (57600 14400) (57600 15040)
m5 (24120 14400) (57600 14400)
m5 (24120 97120) (30060 97120)
m5 (16020 138720) (24120 138720)
m6 (16020 138720) (16020 139040)
ENDPATH
ENDBIT
BIT A<15>
PATH 16
m3 (30420 94560)
m3 (57240 15040)
m6 (16260 139040)
m4 (30420 97280)
m4 (24300 97280)
m4 (57240 14560)
m4 (24300 14560)
m4 (24300 138880)
m5 (16260 138880)
m4 (24300 14560) (24300 138880)
m4 (30420 94560) (30420 97280)
m4 (57240 14560) (57240 15040)
m5 (24300 14560) (57240 14560)
m5 (24300 97280) (30420 97280)
m5 (16260 138880) (24300 138880)
m6 (16260 138880) (16260 139040)
ENDPATH
ENDBIT
ENDBUS
BUS bus4
BIT C<0>
PATH 13
m5 (60780 74080)
m4 (100620 74080)
m5 (26880 74080)
m6 (40920 94880)
m5 (21600 74080)
m6 (21600 94880)
m4 (100620 74080) (100620 82660)
m5 (21600 74080) (100620 74080)
m6 (21600 74080) (21600 94880)
m6 (26880 74080) (26880 76750)
m6 (40920 94725) (40920 94880)
m6 (60780 32770) (60780 74080)
m7 (21600 94880) (40920 94880)
ENDPATH
ENDBIT
BIT C<1>
PATH 13
m5 (59700 74240)
m4 (99720 74240)
m5 (27960 74240)
m6 (41520 95040)
m5 (21780 74240)
m6 (21780 95040)
m4 (99720 74240) (99720 82660)
m5 (21780 74240) (99720 74240)
m6 (21780 74240) (21780 95040)
m6 (27960 74240) (27960 76750)
m6 (41520 94725) (41520 95040)
m6 (59700 32770) (59700 74240)
m7 (21780 95040) (41520 95040)
ENDPATH
ENDBIT
BIT C<2>
PATH 13
m5 (58680 74400)
m4 (98760 74400)
m5 (28980 74400)
m6 (42120 95200)
m5 (21960 74400)
m6 (21960 95200)
m4 (98760 74400) (98760 82660)
m5 (21960 74400) (98760 74400)
m6 (21960 74400) (21960 95200)
m6 (28980 74400) (28980 76750)
m6 (42120 94725) (42120 95200)
m6 (58680 32770) (58680 74400)
m7 (21960 95200) (42120 95200)
ENDPATH
ENDBIT
BIT C<3>
PATH 13
m5 (57600 74560)
m4 (97860 74560)
m5 (30060 74560)
m6 (42720 95360)
m5 (22140 74560)
m6 (22140 95360)
m4 (97860 74560) (97860 82660)
m5 (22140 74560) (97860 74560)
m6 (22140 74560) (22140 95360)
m6 (30060 74560) (30060 76750)
m6 (42720 94725) (42720 95360)
m6 (57600 32770) (57600 74560)
m7 (22140 95360) (42720 95360)
ENDPATH
ENDBIT
BIT C<4>
PATH 13
m5 (56520 74720)
m4 (96960 74720)
m5 (31140 74720)
m6 (43320 95520)
m5 (22320 74720)
m6 (22320 95520)
m4 (96960 74720) (96960 82660)
m5 (22320 74720) (96960 74720)
m6 (22320 74720) (22320 95520)
m6 (31140 74720) (31140 76750)
m6 (43320 94725) (43320 95520)
m6 (56520 32770) (56520 74720)
m7 (22320 95520) (43320 95520)
ENDPATH
ENDBIT
BIT C<5>
PATH 13
m5 (55440 74880)
m4 (96000 74880)
m5 (32220 74880)
m6 (43920 95680)
m5 (22500 74880)
m6 (22500 95680)
m4 (96000 74880) (96000 82660)
m5 (22500 74880) (96000 74880)
m6 (22500 74880) (22500 95680)
m6 (32220 74880) (32220 76750)
m6 (43920 94725) (43920 95680)
m6 (55440 32770) (55440 74880)
m7 (22500 95680) (43920 95680)
ENDPATH
ENDBIT
BIT C<6>
PATH 13
m5 (54420 75040)
m4 (95100 75040)
m5 (33240 75040)
m6 (44580 95840)
m5 (22680 75040)
m6 (22680 95840)
m4 (95100 75040) (95100 82660)
m5 (22680 75040) (95100 75040)
m6 (22680 75040) (22680 95840)
m6 (33240 75040) (33240 76750)
m6 (44580 94725) (44580 95840)
m6 (54420 32770) (54420 75040)
m7 (22680 95840) (44580 95840)
ENDPATH
ENDBIT
BIT C<7>
PATH 13
m5 (53340 75200)
m4 (94200 75200)
m5 (34320 75200)
m6 (45180 96000)
m5 (22860 75200)
m6 (22860 96000)
m4 (94200 75200) (94200 82660)
m5 (22860 75200) (94200 75200)
m6 (22860 75200) (22860 96000)
m6 (34320 75200) (34320 76750)
m6 (45180 94725) (45180 96000)
m6 (53340 32770) (53340 75200)
m7 (22860 96000) (45180 96000)
ENDPATH
ENDBIT
BIT C<8>
PATH 13
m5 (52260 75360)
m4 (93240 75360)
m5 (35400 75360)
m6 (45780 96160)
m5 (23040 75360)
m6 (23040 96160)
m4 (93240 75360) (93240 82660)
m5 (23040 75360) (93240 75360)
m6 (23040 75360) (23040 96160)
m6 (35400 75360) (35400 76750)
m6 (45780 94725) (45780 96160)
m6 (52260 32770) (52260 75360)
m7 (23040 96160) (45780 96160)
ENDPATH
ENDBIT
BIT C<9>
PATH 13
m5 (51180 75520)
m4 (92340 75520)
m5 (36480 75520)
m6 (46380 96320)
m5 (23220 75520)
m6 (23220 96320)
m4 (92340 75520) (92340 82660)
m5 (23220 75520) (92340 75520)
m6 (23220 75520) (23220 96320)
m6 (36480 75520) (36480 76750)
m6 (46380 94725) (46380 96320)
m6 (51180 32770) (51180 75520)
m7 (23220 96320) (46380 96320)
ENDPATH
ENDBIT
BIT C<10>
PATH 13
m5 (50160 75680)
m4 (91440 75680)
m5 (37500 75680)
m6 (46980 96480)
m5 (23400 75680)
m6 (23400 96480)
m4 (91440 75680) (91440 82660)
m5 (23400 75680) (91440 75680)
m6 (23400 75680) (23400 96480)
m6 (37500 75680) (37500 76750)
m6 (46980 94725) (46980 96480)
m6 (50160 32770) (50160 75680)
m7 (23400 96480) (46980 96480)
ENDPATH
ENDBIT
BIT C<11>
PATH 13
m5 (49080 75840)
m4 (90480 75840)
m5 (38580 75840)
m6 (47580 96640)
m5 (23580 75840)
m6 (23580 96640)
m4 (90480 75840) (90480 82660)
m5 (23580 75840) (90480 75840)
m6 (23580 75840) (23580 96640)
m6 (38580 75840) (38580 76750)
m6 (47580 94725) (47580 96640)
m6 (49080 32770) (49080 75840)
m7 (23580 96640) (47580 96640)
ENDPATH
ENDBIT
BIT C<12>
PATH 13
m5 (48000 76000)
m4 (89580 76000)
m5 (39660 76000)
m6 (48240 96800)
m5 (23760 76000)
m6 (23760 96800)
m4 (89580 76000) (89580 82660)
m5 (23760 76000) (89580 76000)
m6 (23760 76000) (23760 96800)
m6 (39660 76000) (39660 76750)
m6 (48000 32770) (48000 76000)
m6 (48240 94725) (48240 96800)
m7 (23760 96800) (48240 96800)
ENDPATH
ENDBIT
BIT C<13>
PATH 13
m5 (46920 76160)
m4 (88680 76160)
m5 (40740 76160)
m6 (48840 96960)
m5 (23940 76160)
m6 (23940 96960)
m4 (88680 76160) (88680 82660)
m5 (23940 76160) (88680 76160)
m6 (23940 76160) (23940 96960)
m6 (40740 76160) (40740 76750)
m6 (46920 32770) (46920 76160)
m6 (48840 94725) (48840 96960)
m7 (23940 96960) (48840 96960)
ENDPATH
ENDBIT
BIT C<14>
PATH 13
m5 (45900 76320)
m4 (87720 76320)
m5 (41760 76320)
m6 (49440 97120)
m5 (24120 76320)
m6 (24120 97120)
m4 (87720 76320) (87720 82660)
m5 (24120 76320) (87720 76320)
m6 (24120 76320) (24120 97120)
m6 (41760 76320) (41760 76750)
m6 (45900 32770) (45900 76320)
m6 (49440 94725) (49440 97120)
m7 (24120 97120) (49440 97120)
ENDPATH
ENDBIT
BIT C<15>
PATH 13
m5 (44820 76480)
m4 (86820 76480)
m5 (42840 76480)
m6 (50040 97280)
m5 (24300 76480)
m6 (24300 97280)
m4 (86820 76480) (86820 82660)
m5 (24300 76480) (86820 76480)
m6 (24300 76480) (24300 97280)
m6 (42840 76480) (42840 76750)
m6 (44820 32770) (44820 76480)
m6 (50040 94725) (50040 97280)
m7 (24300 97280) (50040 97280)
ENDPATH
ENDBIT
ENDBUS
BUS bus2
BIT OUT<0>
PATH 3
m6 (116280 126880)
m7 (116280 126880) (149180 126880)
m6 (116280 100635) (116280 126880)
ENDPATH
ENDBIT
BIT OUT<1>
PATH 3
m6 (115200 127040)
m7 (115200 127040) (149180 127040)
m6 (115200 100635) (115200 127040)
ENDPATH
ENDBIT
BIT OUT<2>
PATH 3
m6 (114180 127200)
m7 (114180 127200) (149180 127200)
m6 (114180 100635) (114180 127200)
ENDPATH
ENDBIT
BIT OUT<3>
PATH 3
m6 (113100 127360)
m7 (113100 127360) (149180 127360)
m6 (113100 100635) (113100 127360)
ENDPATH
ENDBIT
BIT OUT<4>
PATH 3
m6 (112020 127520)
m7 (112020 127520) (149180 127520)
m6 (112020 100635) (112020 127520)
ENDPATH
ENDBIT
BIT OUT<5>
PATH 3
m6 (110940 127680)
m7 (110940 127680) (149180 127680)
m6 (110940 100635) (110940 127680)
ENDPATH
ENDBIT
BIT OUT<6>
PATH 3
m6 (109920 127840)
m7 (109920 127840) (149180 127840)
m6 (109920 100635) (109920 127840)
ENDPATH
ENDBIT
BIT OUT<7>
PATH 3
m6 (108840 128000)
m7 (108840 128000) (149180 128000)
m6 (108840 100635) (108840 128000)
ENDPATH
ENDBIT
BIT OUT<8>
PATH 3
m6 (107760 128160)
m7 (107760 128160) (149180 128160)
m6 (107760 100635) (107760 128160)
ENDPATH
ENDBIT
BIT OUT<9>
PATH 3
m6 (106680 128320)
m7 (106680 128320) (149180 128320)
m6 (106680 100635) (106680 128320)
ENDPATH
ENDBIT
BIT OUT<10>
PATH 3
m6 (105660 128480)
m7 (105660 128480) (149180 128480)
m6 (105660 100635) (105660 128480)
ENDPATH
ENDBIT
BIT OUT<11>
PATH 3
m6 (104580 128640)
m7 (104580 128640) (149180 128640)
m6 (104580 100635) (104580 128640)
ENDPATH
ENDBIT
BIT OUT<12>
PATH 3
m6 (103500 128800)
m7 (103500 128800) (149180 128800)
m6 (103500 100635) (103500 128800)
ENDPATH
ENDBIT
BIT OUT<13>
PATH 3
m6 (102420 128960)
m7 (102420 128960) (149180 128960)
m6 (102420 100635) (102420 128960)
ENDPATH
ENDBIT
BIT OUT<14>
PATH 3
m6 (101400 129120)
m7 (101400 129120) (149180 129120)
m6 (101400 100635) (101400 129120)
ENDPATH
ENDBIT
BIT OUT<15>
PATH 3
m6 (100320 129280)
m7 (100320 129280) (149180 129280)
m6 (100320 100635) (100320 129280)
ENDPATH
ENDBIT
BIT OUT<16>
PATH 3
m6 (99240 129440)
m7 (99240 129440) (149180 129440)
m6 (99240 100635) (99240 129440)
ENDPATH
ENDBIT
BIT OUT<17>
PATH 3
m6 (98160 129600)
m7 (98160 129600) (149180 129600)
m6 (98160 100635) (98160 129600)
ENDPATH
ENDBIT
BIT OUT<18>
PATH 3
m6 (97140 129760)
m7 (97140 129760) (149180 129760)
m6 (97140 100635) (97140 129760)
ENDPATH
ENDBIT
BIT OUT<19>
PATH 3
m6 (96060 129920)
m7 (96060 129920) (149180 129920)
m6 (96060 100635) (96060 129920)
ENDPATH
ENDBIT
BIT OUT<20>
PATH 3
m6 (94980 130080)
m7 (94980 130080) (149180 130080)
m6 (94980 100635) (94980 130080)
ENDPATH
ENDBIT
BIT OUT<21>
PATH 3
m6 (93900 130240)
m7 (93900 130240) (149180 130240)
m6 (93900 100635) (93900 130240)
ENDPATH
ENDBIT
BIT OUT<22>
PATH 3
m6 (92880 130400)
m7 (92880 130400) (149180 130400)
m6 (92880 100635) (92880 130400)
ENDPATH
ENDBIT
BIT OUT<23>
PATH 3
m6 (91800 130560)
m7 (91800 130560) (149180 130560)
m6 (91800 100635) (91800 130560)
ENDPATH
ENDBIT
BIT OUT<24>
PATH 3
m6 (90720 130720)
m7 (90720 130720) (149180 130720)
m6 (90720 100635) (90720 130720)
ENDPATH
ENDBIT
BIT OUT<25>
PATH 3
m6 (89640 130880)
m7 (89640 130880) (149180 130880)
m6 (89640 100635) (89640 130880)
ENDPATH
ENDBIT
BIT OUT<26>
PATH 3
m6 (88620 131040)
m7 (88620 131040) (149180 131040)
m6 (88620 100635) (88620 131040)
ENDPATH
ENDBIT
BIT OUT<27>
PATH 3
m6 (87540 131200)
m7 (87540 131200) (149180 131200)
m6 (87540 100635) (87540 131200)
ENDPATH
ENDBIT
BIT OUT<28>
PATH 3
m6 (86460 131360)
m7 (86460 131360) (149180 131360)
m6 (86460 100635) (86460 131360)
ENDPATH
ENDBIT
BIT OUT<29>
PATH 3
m6 (85380 131520)
m7 (85380 131520) (149180 131520)
m6 (85380 100635) (85380 131520)
ENDPATH
ENDBIT
BIT OUT<30>
PATH 3
m6 (84360 131680)
m7 (84360 131680) (149180 131680)
m6 (84360 100635) (84360 131680)
ENDPATH
ENDBIT
BIT OUT<31>
PATH 3
m6 (83280 131840)
m7 (83280 131840) (149180 131840)
m6 (83280 100635) (83280 131840)
ENDPATH
ENDBIT
ENDBUS
BUS bus1
BIT B<0>
PATH 14
m6 (10080 160)
m6 (59820 94880)
m6 (63240 94880)
m6 (27840 12160)
m6 (63240 12160)
m6 (27840 480)
m6 (10080 480)
m6 (10080 160) (10080 480)
m6 (27840 480) (27840 14795)
m6 (59820 94725) (59820 94880)
m6 (63240 12160) (63240 94880)
m7 (10080 480) (27840 480)
m7 (27840 12160) (63240 12160)
m7 (59820 94880) (63240 94880)
ENDPATH
ENDBIT
BIT B<1>
PATH 14
m6 (10320 160)
m6 (59220 95040)
m6 (63420 95040)
m6 (28500 12320)
m6 (63420 12320)
m6 (28500 640)
m6 (10320 640)
m6 (10320 160) (10320 640)
m6 (28500 640) (28500 14795)
m6 (59220 94725) (59220 95040)
m6 (63420 12320) (63420 95040)
m7 (10320 640) (28500 640)
m7 (28500 12320) (63420 12320)
m7 (59220 95040) (63420 95040)
ENDPATH
ENDBIT
BIT B<2>
PATH 14
m6 (10560 160)
m6 (58560 95200)
m6 (63600 95200)
m6 (29100 12480)
m6 (63600 12480)
m6 (29100 800)
m6 (10560 800)
m6 (10560 160) (10560 800)
m6 (29100 800) (29100 14795)
m6 (58560 94725) (58560 95200)
m6 (63600 12480) (63600 95200)
m7 (10560 800) (29100 800)
m7 (29100 12480) (63600 12480)
m7 (58560 95200) (63600 95200)
ENDPATH
ENDBIT
BIT B<3>
PATH 14
m6 (10800 160)
m6 (57960 95360)
m6 (63780 95360)
m6 (29700 12640)
m6 (63780 12640)
m6 (29700 960)
m6 (10800 960)
m6 (10800 160) (10800 960)
m6 (29700 960) (29700 14795)
m6 (57960 94725) (57960 95360)
m6 (63780 12640) (63780 95360)
m7 (10800 960) (29700 960)
m7 (29700 12640) (63780 12640)
m7 (57960 95360) (63780 95360)
ENDPATH
ENDBIT
BIT B<4>
PATH 14
m6 (11040 160)
m6 (57360 95520)
m6 (63960 95520)
m6 (30300 12800)
m6 (63960 12800)
m6 (30300 1120)
m6 (11040 1120)
m6 (11040 160) (11040 1120)
m6 (30300 1120) (30300 14795)
m6 (57360 94725) (57360 95520)
m6 (63960 12800) (63960 95520)
m7 (11040 1120) (30300 1120)
m7 (30300 12800) (63960 12800)
m7 (57360 95520) (63960 95520)
ENDPATH
ENDBIT
BIT B<5>
PATH 14
m6 (11280 160)
m6 (56760 95680)
m6 (64140 95680)
m6 (30900 12960)
m6 (64140 12960)
m6 (30900 1280)
m6 (11280 1280)
m6 (11280 160) (11280 1280)
m6 (30900 1280) (30900 14795)
m6 (56760 94725) (56760 95680)
m6 (64140 12960) (64140 95680)
m7 (11280 1280) (30900 1280)
m7 (30900 12960) (64140 12960)
m7 (56760 95680) (64140 95680)
ENDPATH
ENDBIT
BIT B<6>
PATH 14
m6 (11520 160)
m6 (56160 95840)
m6 (64320 95840)
m6 (31500 13120)
m6 (64320 13120)
m6 (31500 1440)
m6 (11520 1440)
m6 (11520 160) (11520 1440)
m6 (31500 1440) (31500 14795)
m6 (56160 94725) (56160 95840)
m6 (64320 13120) (64320 95840)
m7 (11520 1440) (31500 1440)
m7 (31500 13120) (64320 13120)
m7 (56160 95840) (64320 95840)
ENDPATH
ENDBIT
BIT B<7>
PATH 14
m6 (11760 160)
m6 (55560 96000)
m6 (64500 96000)
m6 (32160 13280)
m6 (64500 13280)
m6 (32160 1600)
m6 (11760 1600)
m6 (11760 160) (11760 1600)
m6 (32160 1600) (32160 14795)
m6 (55560 94725) (55560 96000)
m6 (64500 13280) (64500 96000)
m7 (11760 1600) (32160 1600)
m7 (32160 13280) (64500 13280)
m7 (55560 96000) (64500 96000)
ENDPATH
ENDBIT
BIT B<8>
PATH 14
m6 (12000 160)
m6 (54900 96160)
m6 (64680 96160)
m6 (32760 13440)
m6 (64680 13440)
m6 (32760 1760)
m6 (12000 1760)
m6 (12000 160) (12000 1760)
m6 (32760 1760) (32760 14795)
m6 (54900 94725) (54900 96160)
m6 (64680 13440) (64680 96160)
m7 (12000 1760) (32760 1760)
m7 (32760 13440) (64680 13440)
m7 (54900 96160) (64680 96160)
ENDPATH
ENDBIT
BIT B<9>
PATH 14
m6 (12240 160)
m6 (54300 96320)
m6 (64860 96320)
m6 (33360 13600)
m6 (64860 13600)
m6 (33360 1920)
m6 (12240 1920)
m6 (12240 160) (12240 1920)
m6 (33360 1920) (33360 14795)
m6 (54300 94725) (54300 96320)
m6 (64860 13600) (64860 96320)
m7 (12240 1920) (33360 1920)
m7 (33360 13600) (64860 13600)
m7 (54300 96320) (64860 96320)
ENDPATH
ENDBIT
BIT B<10>
PATH 14
m6 (12480 160)
m6 (53700 96480)
m6 (65040 96480)
m6 (33960 13760)
m6 (65040 13760)
m6 (33960 2080)
m6 (12480 2080)
m6 (12480 160) (12480 2080)
m6 (33960 2080) (33960 14795)
m6 (53700 94725) (53700 96480)
m6 (65040 13760) (65040 96480)
m7 (12480 2080) (33960 2080)
m7 (33960 13760) (65040 13760)
m7 (53700 96480) (65040 96480)
ENDPATH
ENDBIT
BIT B<11>
PATH 14
m6 (12720 160)
m6 (53100 96640)
m6 (65220 96640)
m6 (34560 13920)
m6 (65220 13920)
m6 (34560 2240)
m6 (12720 2240)
m6 (12720 160) (12720 2240)
m6 (34560 2240) (34560 14795)
m6 (53100 94725) (53100 96640)
m6 (65220 13920) (65220 96640)
m7 (12720 2240) (34560 2240)
m7 (34560 13920) (65220 13920)
m7 (53100 96640) (65220 96640)
ENDPATH
ENDBIT
BIT B<12>
PATH 14
m6 (12960 160)
m6 (52500 96800)
m6 (65400 96800)
m6 (35160 14080)
m6 (65400 14080)
m6 (35160 2400)
m6 (12960 2400)
m6 (12960 160) (12960 2400)
m6 (35160 2400) (35160 14795)
m6 (52500 94725) (52500 96800)
m6 (65400 14080) (65400 96800)
m7 (12960 2400) (35160 2400)
m7 (35160 14080) (65400 14080)
m7 (52500 96800) (65400 96800)
ENDPATH
ENDBIT
BIT B<13>
PATH 14
m6 (13200 160)
m6 (51900 96960)
m6 (65580 96960)
m6 (35820 14240)
m6 (65580 14240)
m6 (35820 2560)
m6 (13200 2560)
m6 (13200 160) (13200 2560)
m6 (35820 2560) (35820 14795)
m6 (51900 94725) (51900 96960)
m6 (65580 14240) (65580 96960)
m7 (13200 2560) (35820 2560)
m7 (35820 14240) (65580 14240)
m7 (51900 96960) (65580 96960)
ENDPATH
ENDBIT
BIT B<14>
PATH 14
m6 (13440 160)
m6 (51240 97120)
m6 (65760 97120)
m6 (36420 14400)
m6 (65760 14400)
m6 (36420 2720)
m6 (13440 2720)
m6 (13440 160) (13440 2720)
m6 (36420 2720) (36420 14795)
m6 (51240 94725) (51240 97120)
m6 (65760 14400) (65760 97120)
m7 (13440 2720) (36420 2720)
m7 (36420 14400) (65760 14400)
m7 (51240 97120) (65760 97120)
ENDPATH
ENDBIT
BIT B<15>
PATH 14
m6 (13680 160)
m6 (50640 97280)
m6 (65940 97280)
m6 (37020 14560)
m6 (65940 14560)
m6 (37020 2880)
m6 (13680 2880)
m6 (13680 160) (13680 2880)
m6 (37020 2880) (37020 14795)
m6 (50640 94725) (50640 97280)
m6 (65940 14560) (65940 97280)
m7 (13680 2880) (37020 2880)
m7 (37020 14560) (65940 14560)
m7 (50640 97280) (65940 97280)
ENDPATH
ENDBIT
ENDBUS
