BUS B1
BIT 0
PATH 9
L1 (620 600)
L1 (620 200)
L1 (100 800)
L1 (100 200)
L2 (100 200) (620 200)
L2 (620 600) (970 600)
L2 (30 800) (100 800)
L1 (100 200) (100 800)
L1 (620 200) (620 600)
ENDPATH
ENDBIT
BIT 1
PATH 9
L1 (660 700)
L1 (660 350)
L1 (140 750)
L1 (140 350)
L2 (140 350) (660 350)
L2 (660 700) (970 700)
L2 (30 750) (140 750)
L1 (140 350) (140 750)
L1 (660 350) (660 700)
ENDPATH
ENDBIT
BIT 2
PATH 9
L1 (700 750)
L1 (700 550)
L1 (220 650)
L1 (220 550)
L2 (220 550) (700 550)
L2 (30 650) (220 650)
L2 (700 750) (970 750)
L1 (220 550) (220 650)
L1 (700 550) (700 750)
ENDPATH
ENDBIT
ENDBUS
